рҹ“Ў Loaded 61 crypto assets: BTC, ETH, SOL, XRP, DOGE, ADA, AERO, AEVO, APT, ARBITRUM, ARB, ATOM, AVALANCHE, AVAX, BASE, BCH, BLAST, BNB, DRIFT, DYDX, EIGEN, ENA, ETHFI, FANTOM, FET, GMX, GNS, HYPERLIQUID, HYPE, INJ, JUPITER, JUP, LINEA, LINK, MATIC, METEORA, MODE, MORPHO, NEAR, OPTIMISM, OP, ORCA, PENDLE, PERP, PHOENIX, POLYGON, RENDER, SCROLL, SEI, SHIB, SUI, SYNTHETIX, TIA, TON, UNI, VELODROME, VERTEX, WLD, W, ZETACH, ZKSYNC
рҹ’“ Health monitor active вҖ” heartbeat every 60s, alerts on issues
вң… Bot initialized. Auto-started scanning.
рҹ”‘ Private key loaded: 1675 chars, first line: "-----BEGIN RSA PRIVATE KEY-----" вҖ” looks valid вң…

в•”в•җв•җв•җв•җв•җв•җв•җв•җв•җв•җв•җв•җв•җв•җв•җв•җв•җв•җв•җв•җв•җв•җв•җв•җв•җв•җв•җв•җв•җв•җв•җв•җв•җв•җв•җв•җв•җв•җв•җв•җв•—
в•‘   ALPHA HOUND вҖ” v5.1 stable       в•‘
в•‘   Crypto (YES/NO) В· Weather В· Commoditiesв•‘
в•ҡв•җв•җв•җв•җв•җв•җв•җв•җв•җв•җв•җв•җв•җв•җв•җв•җв•җв•җв•җв•җв•җв•җв•җв•җв•җв•җв•җв•җв•җв•җв•җв•җв•җв•җв•җв•җв•җв•җв•җв•җв•қ

Bankroll: $1.62 | Max/trade: $1.62 | Live: fetching...
Auto-fire: ON (вүӨ $1.62) | Cooldown: off
Commodities: Yahoo Finance (WTI, NatGas, Gold, Silver) вң…
Quant engine: 15m HIT cycles В· refresh 1m В· 82 market(s) вҶ’ KXBTC15M, KXBTC30M, KXBTCH, KXBTCD, KXETH15M, KXETH30M, KXETHH, KXETHD, KXETHMINY, KXETHMAXY, KXETHFLIPETH, KXETHEU, KXETHATHEX, KXSOL15M, KXSOL30M, KXSOLH, KXSOLD26, KXSOLFLIPETH, KXXRP15M, KXXRP30M, KXXRPH, KXXRPATH, KXDOGE15M, KXDOGE30M, KXDOGEH, KXADA15M, KXADA30M, KXAERO15M, KXAEVO15M, KXAPT15M, KXARBITRUM15M, KXARB15M, KXATOM15M, KXAVAX15M, KXAVAX15M, KXBASE15M, KXBCH15M, KXBLAST15M, KXBNB15M, KXDRIFT15M, KXDYDX15M, KXEIGEN15M, KXENA15M, KXETHFI15M, KXFTM15M, KXFET15M, KXGMX15M, KXGNS15M, KXHYPERLIQUID15M, KXHYPE15M, KXINJ15M, KXJUP15M, KXJUP15M, KXLINEA15M, KXLINK15M, KXMATIC15M, KXMETEORA15M, KXMODE15M, KXMORPHO15M, KXNEAR15M, KXOPTIMISM15M, KXOP15M, KXORCA15M, KXPENDLE15M, KXPERP15M, KXPHOENIX15M, KXPOLYGON15M, KXRENDER15M, KXSCROLL15M, KXSEI15M, KXSHIBA15M, KXSUI15M, KXSNX15M, KXTIA15M, KXTON15M, KXUNI15M, KXVELODROME15M, KXVERTEX15M, KXWLD15M, KXW15M, KXZETACH15M, KXZKSYNC15M
Quant bar: edge 1.0pp В· conf 40% В· fireвүӨ8 В· VOL_MULT 1.28 В· min vol $10
Niche best-only cap 3 (scoreвүҘ0.8) В· Quant-niche cap 4 (scoreвүҘ1.2)
Weather: Dallas, New York City, Chicago, Miami, Los Angeles, Denver, Atlanta, Phoenix, Seattle, Boston
Bet size: FAV $0.75 (58ВўвҖ“64Вў) | UNDER $1.50 (37ВўвҖ“43Вў) | Owner-mode: ON рҹ§ 
Strategy: FAVORITE (58-64Вў, history+intel backed) В· UNDERDOG (37-43Вў, edge+memory) В· reasoning engine рҹ“–
Price sources: Binance вҶ’ CoinGecko вҶ’ CoinLore вҶ’ CoinPaprika вҶ’ CryptoCompare вҶ’ CoinCap (6 free fallbacks)
Auto-fire: DORMANT (you approve everything) | Lock alerts: ON рҹ”” | Auto-radar: ON рҹ“Ў | Proposals/window: 8 + 18 scouts
Weather: multi-source ensemble (NWS + Open-Meteo + wttr.in) В· 10 cities В· min edge 10.0pp
Memory depository: ./kalshi_memory.json
Memory: 0 asset В· 0 pattern В· 0 category В· 0 ledger В· 0 notes В· 0 lessons

Live WS off (REST/Binance OK). Set ENABLE_WS=true only if your network allows Binance sockets.
Risk: daily loss 1% В· max DD 80% В· emergency 50% В· unit 10%
Strategy: FAVORITE + UNDERDOG dual-play В· SMA/RSI/BB trend В· memory-backed reasoning рҹ“–
рҹҡҖ Final-minutes engine ready вҖ” scanning all crypto markets...
вҡ пёҸ Binance geo-blocked (451) вҖ” using free fallbacks
рҹ’° Live Kalshi balance: $11.2100
рҹҡҖ Price scan complete. Engine will enter when final 5-min windows open.
рҹ”Қ Engine scan #1 вҖ” running...
рҹ”Қ Engine scan #4 вҖ” running...
